<?xml version="1.0" encoding="UTF-8"?>
<testng-results ignored="0" total="3" passed="2" failed="1" skipped="0">
  <reporter-output>
  </reporter-output>
  <suite started-at="2023-03-08T18:05:14 IST" name="Suite" finished-at="2023-03-08T18:06:26 IST" duration-ms="72013">
    <groups>
    </groups>
    <test started-at="2023-03-08T18:05:14 IST" name="Test" finished-at="2023-03-08T18:06:26 IST" duration-ms="72013">
      <class name="Tests.dropdown">
        <test-method is-config="true" signature="Setup()[pri:0, instance:Tests.dropdown@3e27aa33]" started-at="2023-03-08T18:05:23 IST" name="Setup" finished-at="2023-03-08T18:05:30 IST" duration-ms="6477" status="PASS">
          <reporter-output>
          </reporter-output>
        </test-method> <!-- Setup -->
        <test-method signature="dropdownHover()[pri:0, instance:Tests.dropdown@3e27aa33]" started-at="2023-03-08T18:06:10 IST" name="dropdownHover" finished-at="2023-03-08T18:06:24 IST" duration-ms="14465" status="FAIL">
          <exception class="java.lang.AssertionError">
            <message>
              <![CDATA[expected [true] but found [false]]]>
            </message>
            <full-stacktrace>
              <![CDATA[java.lang.AssertionError: expected [true] but found [false]
at org.testng.Assert.fail(Assert.java:110)
at org.testng.Assert.failNotEquals(Assert.java:1577)
at org.testng.Assert.assertEqualsImpl(Assert.java:149)
at org.testng.Assert.assertEquals(Assert.java:131)
at org.testng.Assert.assertEquals(Assert.java:1066)
at org.testng.Assert.assertEquals(Assert.java:1030)
at org.testng.Assert.assertEquals(Assert.java:1076)
at Tests.dropdown.dropdownHover(dropdown.java:72)
at java.base/jdk.internal.reflect.NativeMethodAccessorImpl.invoke0(Native Method)
at java.base/jdk.internal.reflect.NativeMethodAccessorImpl.invoke(NativeMethodAccessorImpl.java:64)
at java.base/jdk.internal.reflect.DelegatingMethodAccessorImpl.invoke(DelegatingMethodAccessorImpl.java:43)
at java.base/java.lang.reflect.Method.invoke(Method.java:564)
at org.testng.internal.invokers.MethodInvocationHelper.invokeMethod(MethodInvocationHelper.java:139)
at org.testng.internal.invokers.TestInvoker.invokeMethod(TestInvoker.java:677)
at org.testng.internal.invokers.TestInvoker.invokeTestMethod(TestInvoker.java:221)
at org.testng.internal.invokers.MethodRunner.runInSequence(MethodRunner.java:50)
at org.testng.internal.invokers.TestInvoker$MethodInvocationAgent.invoke(TestInvoker.java:969)
at org.testng.internal.invokers.TestInvoker.invokeTestMethods(TestInvoker.java:194)
at org.testng.internal.invokers.TestMethodWorker.invokeTestMethods(TestMethodWorker.java:148)
at org.testng.internal.invokers.TestMethodWorker.run(TestMethodWorker.java:128)
at java.base/java.util.ArrayList.forEach(ArrayList.java:1511)
at org.testng.TestRunner.privateRun(TestRunner.java:829)
at org.testng.TestRunner.run(TestRunner.java:602)
at org.testng.SuiteRunner.runTest(SuiteRunner.java:437)
at org.testng.SuiteRunner.runSequentially(SuiteRunner.java:431)
at org.testng.SuiteRunner.privateRun(SuiteRunner.java:391)
at org.testng.SuiteRunner.run(SuiteRunner.java:330)
at org.testng.SuiteRunnerWorker.runSuite(SuiteRunnerWorker.java:52)
at org.testng.SuiteRunnerWorker.run(SuiteRunnerWorker.java:95)
at org.testng.TestNG.runSuitesSequentially(TestNG.java:1256)
at org.testng.TestNG.runSuitesLocally(TestNG.java:1176)
at org.testng.TestNG.runSuites(TestNG.java:1099)
at org.testng.TestNG.run(TestNG.java:1067)
at org.testng.remote.AbstractRemoteTestNG.run(AbstractRemoteTestNG.java:115)
at org.testng.remote.RemoteTestNG.initAndRun(RemoteTestNG.java:251)
at org.testng.remote.RemoteTestNG.main(RemoteTestNG.java:77)
]]>
            </full-stacktrace>
          </exception> <!-- java.lang.AssertionError -->
          <reporter-output>
          </reporter-output>
        </test-method> <!-- dropdownHover -->
        <test-method is-config="true" signature="tearDown()[pri:0, instance:Tests.dropdown@3e27aa33]" started-at="2023-03-08T18:06:25 IST" name="tearDown" finished-at="2023-03-08T18:06:26 IST" duration-ms="1003" status="PASS">
          <reporter-output>
          </reporter-output>
        </test-method> <!-- tearDown -->
      </class> <!-- Tests.dropdown -->
      <class name="Tests.DynamicElement">
        <test-method is-config="true" signature="Setup()[pri:0, instance:Tests.DynamicElement@750e2b97]" started-at="2023-03-08T18:05:21 IST" name="Setup" finished-at="2023-03-08T18:05:23 IST" duration-ms="1929" status="PASS">
          <reporter-output>
          </reporter-output>
        </test-method> <!-- Setup -->
        <test-method signature="dynamicTest()[pri:0, instance:Tests.DynamicElement@750e2b97]" started-at="2023-03-08T18:05:52 IST" name="dynamicTest" finished-at="2023-03-08T18:06:10 IST" duration-ms="17974" status="PASS">
          <reporter-output>
          </reporter-output>
        </test-method> <!-- dynamicTest -->
        <test-method is-config="true" signature="tearDown()[pri:0, instance:Tests.DynamicElement@750e2b97]" started-at="2023-03-08T18:06:25 IST" name="tearDown" finished-at="2023-03-08T18:06:25 IST" duration-ms="1" status="PASS">
          <reporter-output>
          </reporter-output>
        </test-method> <!-- tearDown -->
      </class> <!-- Tests.DynamicElement -->
      <class name="Tests.AmazonDynamic">
        <test-method is-config="true" signature="Setup()[pri:0, instance:Tests.AmazonDynamic@71ba6d4e]" started-at="2023-03-08T18:05:14 IST" name="Setup" finished-at="2023-03-08T18:05:21 IST" duration-ms="7510" status="PASS">
          <reporter-output>
          </reporter-output>
        </test-method> <!-- Setup -->
        <test-method signature="amazonDynamicTest()[pri:0, instance:Tests.AmazonDynamic@71ba6d4e]" started-at="2023-03-08T18:05:30 IST" name="amazonDynamicTest" finished-at="2023-03-08T18:05:52 IST" duration-ms="22121" status="PASS">
          <reporter-output>
          </reporter-output>
        </test-method> <!-- amazonDynamicTest -->
        <test-method is-config="true" signature="tearDown()[pri:0, instance:Tests.AmazonDynamic@71ba6d4e]" started-at="2023-03-08T18:06:24 IST" name="tearDown" finished-at="2023-03-08T18:06:25 IST" duration-ms="417" status="PASS">
          <reporter-output>
          </reporter-output>
        </test-method> <!-- tearDown -->
      </class> <!-- Tests.AmazonDynamic -->
    </test> <!-- Test -->
  </suite> <!-- Suite -->
</testng-results>
